Determining if the Q_WS_WIN exist failed with the following output:
Change Dir: /usr/home/vdop/projects/razor-release/razorqt-0.2-RC2/razorqt-modules/razorqt-session/CMakeFiles/CMakeTmp

Run Build Command:/usr/local/bin/gmake "cmTryCompileExec/fast"
/usr/local/bin/gmake -f CMakeFiles/cmTryCompileExec.dir/build.make CMakeFiles/cmTryCompileExec.dir/build
gmake[1]: Entering directory `/usr/home/vdop/projects/razor-release/razorqt-0.2-RC2/razorqt-modules/razorqt-session/CMakeFiles/CMakeTmp'
/usr/local/bin/cmake -E cmake_progress_report /usr/home/vdop/projects/razor-release/razorqt-0.2-RC2/razorqt-modules/razorqt-session/CMakeFiles/CMakeTmp/CMakeFiles 1
Building C object CMakeFiles/cmTryCompileExec.dir/CheckSymbolExists.c.o
/usr/bin/gcc   -I/usr/local/include/qt4   -o CMakeFiles/cmTryCompileExec.dir/CheckSymbolExists.c.o   -c /usr/home/vdop/projects/razor-release/razorqt-0.2-RC2/razorqt-modules/razorqt-session/CMakeFiles/CMakeTmp/CheckSymbolExists.c
/usr/home/vdop/projects/razor-release/razorqt-0.2-RC2/razorqt-modules/razorqt-session/CMakeFiles/CMakeTmp/CheckSymbolExists.c: In function 'main':
/usr/home/vdop/projects/razor-release/razorqt-0.2-RC2/razorqt-modules/razorqt-session/CMakeFiles/CMakeTmp/CheckSymbolExists.c:8: error: 'Q_WS_WIN' undeclared (first use in this function)
/usr/home/vdop/projects/razor-release/razorqt-0.2-RC2/razorqt-modules/razorqt-session/CMakeFiles/CMakeTmp/CheckSymbolExists.c:8: error: (Each undeclared identifier is reported only once
/usr/home/vdop/projects/razor-release/razorqt-0.2-RC2/razorqt-modules/razorqt-session/CMakeFiles/CMakeTmp/CheckSymbolExists.c:8: error: for each function it appears in.)
gmake[1]: *** [CMakeFiles/cmTryCompileExec.dir/CheckSymbolExists.c.o] Error 1
gmake[1]: Leaving directory `/usr/home/vdop/projects/razor-release/razorqt-0.2-RC2/razorqt-modules/razorqt-session/CMakeFiles/CMakeTmp'
gmake: *** [cmTryCompileExec/fast] Error 2

File /usr/home/vdop/projects/razor-release/razorqt-0.2-RC2/razorqt-modules/razorqt-session/CMakeFiles/CMakeTmp/CheckSymbolExists.c:
/* */
#include <QtCore/qglobal.h>

void cmakeRequireSymbol(int dummy,...){(void)dummy;}
int main()
{
#ifndef Q_WS_WIN
  cmakeRequireSymbol(0,&Q_WS_WIN);
#endif
  return 0;
}

Determining if the Q_WS_QWS exist failed with the following output:
Change Dir: /usr/home/vdop/projects/razor-release/razorqt-0.2-RC2/razorqt-modules/razorqt-session/CMakeFiles/CMakeTmp

Run Build Command:/usr/local/bin/gmake "cmTryCompileExec/fast"
/usr/local/bin/gmake -f CMakeFiles/cmTryCompileExec.dir/build.make CMakeFiles/cmTryCompileExec.dir/build
gmake[1]: Entering directory `/usr/home/vdop/projects/razor-release/razorqt-0.2-RC2/razorqt-modules/razorqt-session/CMakeFiles/CMakeTmp'
/usr/local/bin/cmake -E cmake_progress_report /usr/home/vdop/projects/razor-release/razorqt-0.2-RC2/razorqt-modules/razorqt-session/CMakeFiles/CMakeTmp/CMakeFiles 1
Building C object CMakeFiles/cmTryCompileExec.dir/CheckSymbolExists.c.o
/usr/bin/gcc   -I/usr/local/include/qt4   -o CMakeFiles/cmTryCompileExec.dir/CheckSymbolExists.c.o   -c /usr/home/vdop/projects/razor-release/razorqt-0.2-RC2/razorqt-modules/razorqt-session/CMakeFiles/CMakeTmp/CheckSymbolExists.c
/usr/home/vdop/projects/razor-release/razorqt-0.2-RC2/razorqt-modules/razorqt-session/CMakeFiles/CMakeTmp/CheckSymbolExists.c: In function 'main':
/usr/home/vdop/projects/razor-release/razorqt-0.2-RC2/razorqt-modules/razorqt-session/CMakeFiles/CMakeTmp/CheckSymbolExists.c:8: error: 'Q_WS_QWS' undeclared (first use in this function)
/usr/home/vdop/projects/razor-release/razorqt-0.2-RC2/razorqt-modules/razorqt-session/CMakeFiles/CMakeTmp/CheckSymbolExists.c:8: error: (Each undeclared identifier is reported only once
/usr/home/vdop/projects/razor-release/razorqt-0.2-RC2/razorqt-modules/razorqt-session/CMakeFiles/CMakeTmp/CheckSymbolExists.c:8: error: for each function it appears in.)
gmake[1]: *** [CMakeFiles/cmTryCompileExec.dir/CheckSymbolExists.c.o] Error 1
gmake[1]: Leaving directory `/usr/home/vdop/projects/razor-release/razorqt-0.2-RC2/razorqt-modules/razorqt-session/CMakeFiles/CMakeTmp'
gmake: *** [cmTryCompileExec/fast] Error 2

File /usr/home/vdop/projects/razor-release/razorqt-0.2-RC2/razorqt-modules/razorqt-session/CMakeFiles/CMakeTmp/CheckSymbolExists.c:
/* */
#include <QtCore/qglobal.h>

void cmakeRequireSymbol(int dummy,...){(void)dummy;}
int main()
{
#ifndef Q_WS_QWS
  cmakeRequireSymbol(0,&Q_WS_QWS);
#endif
  return 0;
}

Determining if the Q_WS_MAC exist failed with the following output:
Change Dir: /usr/home/vdop/projects/razor-release/razorqt-0.2-RC2/razorqt-modules/razorqt-session/CMakeFiles/CMakeTmp

Run Build Command:/usr/local/bin/gmake "cmTryCompileExec/fast"
/usr/local/bin/gmake -f CMakeFiles/cmTryCompileExec.dir/build.make CMakeFiles/cmTryCompileExec.dir/build
gmake[1]: Entering directory `/usr/home/vdop/projects/razor-release/razorqt-0.2-RC2/razorqt-modules/razorqt-session/CMakeFiles/CMakeTmp'
/usr/local/bin/cmake -E cmake_progress_report /usr/home/vdop/projects/razor-release/razorqt-0.2-RC2/razorqt-modules/razorqt-session/CMakeFiles/CMakeTmp/CMakeFiles 1
Building C object CMakeFiles/cmTryCompileExec.dir/CheckSymbolExists.c.o
/usr/bin/gcc   -I/usr/local/include/qt4   -o CMakeFiles/cmTryCompileExec.dir/CheckSymbolExists.c.o   -c /usr/home/vdop/projects/razor-release/razorqt-0.2-RC2/razorqt-modules/razorqt-session/CMakeFiles/CMakeTmp/CheckSymbolExists.c
/usr/home/vdop/projects/razor-release/razorqt-0.2-RC2/razorqt-modules/razorqt-session/CMakeFiles/CMakeTmp/CheckSymbolExists.c: In function 'main':
/usr/home/vdop/projects/razor-release/razorqt-0.2-RC2/razorqt-modules/razorqt-session/CMakeFiles/CMakeTmp/CheckSymbolExists.c:8: error: 'Q_WS_MAC' undeclared (first use in this function)
/usr/home/vdop/projects/razor-release/razorqt-0.2-RC2/razorqt-modules/razorqt-session/CMakeFiles/CMakeTmp/CheckSymbolExists.c:8: error: (Each undeclared identifier is reported only once
/usr/home/vdop/projects/razor-release/razorqt-0.2-RC2/razorqt-modules/razorqt-session/CMakeFiles/CMakeTmp/CheckSymbolExists.c:8: error: for each function it appears in.)
gmake[1]: *** [CMakeFiles/cmTryCompileExec.dir/CheckSymbolExists.c.o] Error 1
gmake[1]: Leaving directory `/usr/home/vdop/projects/razor-release/razorqt-0.2-RC2/razorqt-modules/razorqt-session/CMakeFiles/CMakeTmp'
gmake: *** [cmTryCompileExec/fast] Error 2

File /usr/home/vdop/projects/razor-release/razorqt-0.2-RC2/razorqt-modules/razorqt-session/CMakeFiles/CMakeTmp/CheckSymbolExists.c:
/* */
#include <QtCore/qglobal.h>

void cmakeRequireSymbol(int dummy,...){(void)dummy;}
int main()
{
#ifndef Q_WS_MAC
  cmakeRequireSymbol(0,&Q_WS_MAC);
#endif
  return 0;
}

